<?xml version="1.0" encoding="UTF-8"?>
<coverage generated="1625257310207" clover="3.2.0">
  <project timestamp="1625257310207" name="All files">
    <metrics statements="30" coveredstatements="27" conditionals="6" coveredconditionals="2" methods="10" coveredmethods="10" elements="46" coveredelements="39" complexity="0" loc="30" ncloc="30" packages="1" files="3" classes="3"/>
    <file name="ChargeStation.js" path="C:\Users\kindlsh\Documents\Projects\Scooter_Project\ChargeStation.js">
      <metrics statements="6" coveredstatements="6" conditionals="0" coveredconditionals="0" methods="3" coveredmethods="3"/>
      <line num="3" count="1" type="stmt"/>
      <line num="4" count="1" type="stmt"/>
      <line num="5" count="1" type="stmt"/>
      <line num="9" count="1" type="stmt"/>
      <line num="14" count="1" type="stmt"/>
      <line num="27" count="1" type="stmt"/>
    </file>
    <file name="Scooter.js" path="C:\Users\kindlsh\Documents\Projects\Scooter_Project\Scooter.js">
      <metrics statements="18" coveredstatements="15" conditionals="6" coveredconditionals="2" methods="6" coveredmethods="6"/>
      <line num="3" count="4" type="stmt"/>
      <line num="4" count="4" type="stmt"/>
      <line num="5" count="4" type="stmt"/>
      <line num="7" count="4" type="stmt"/>
      <line num="14" count="1" type="cond" truecount="1" falsecount="1"/>
      <line num="15" count="1" type="stmt"/>
      <line num="17" count="0" type="cond" truecount="0" falsecount="2"/>
      <line num="18" count="0" type="stmt"/>
      <line num="20" count="0" type="stmt"/>
      <line num="26" count="1" type="stmt"/>
      <line num="30" count="1" type="cond" truecount="1" falsecount="1"/>
      <line num="31" count="1" type="stmt"/>
      <line num="32" count="1" type="stmt"/>
      <line num="39" count="1" type="stmt"/>
      <line num="41" count="1" type="stmt"/>
      <line num="43" count="1" type="stmt"/>
      <line num="45" count="1" type="stmt"/>
      <line num="53" count="2" type="stmt"/>
    </file>
    <file name="User.js" path="C:\Users\kindlsh\Documents\Projects\Scooter_Project\User.js">
      <metrics statements="6" coveredstatements="6" conditionals="0" coveredconditionals="0" methods="1" coveredmethods="1"/>
      <line num="3" count="2" type="stmt"/>
      <line num="4" count="2" type="stmt"/>
      <line num="5" count="2" type="stmt"/>
      <line num="6" count="2" type="stmt"/>
      <line num="7" count="2" type="stmt"/>
      <line num="11" count="2" type="stmt"/>
    </file>
  </project>
</coverage>
