TN:
SF:ChargeStation.js
FN:2,(anonymous_0)
FN:8,(anonymous_1)
FN:13,(anonymous_2)
FNF:3
FNH:3
FNDA:1,(anonymous_0)
FNDA:1,(anonymous_1)
FNDA:1,(anonymous_2)
DA:3,1
DA:4,1
DA:5,1
DA:9,1
DA:14,1
DA:27,1
LF:6
LH:6
BRF:0
BRH:0
end_of_record
TN:
SF:Scooter.js
FN:2,(anonymous_0)
FN:13,(anonymous_1)
FN:25,(anonymous_2)
FN:29,(anonymous_3)
FN:38,(anonymous_4)
FN:41,(anonymous_5)
FNF:6
FNH:6
FNDA:4,(anonymous_0)
FNDA:1,(anonymous_1)
FNDA:1,(anonymous_2)
FNDA:1,(anonymous_3)
FNDA:1,(anonymous_4)
FNDA:1,(anonymous_5)
DA:3,4
DA:4,4
DA:5,4
DA:7,4
DA:14,1
DA:15,1
DA:17,0
DA:18,0
DA:20,0
DA:26,1
DA:30,1
DA:31,1
DA:32,1
DA:39,1
DA:41,1
DA:43,1
DA:45,1
DA:53,2
LF:18
LH:15
BRDA:14,0,0,1
BRDA:14,0,1,0
BRDA:17,1,0,0
BRDA:17,1,1,0
BRDA:30,2,0,1
BRDA:30,2,1,0
BRF:6
BRH:2
end_of_record
TN:
SF:User.js
FN:2,(anonymous_0)
FNF:1
FNH:1
FNDA:2,(anonymous_0)
DA:3,2
DA:4,2
DA:5,2
DA:6,2
DA:7,2
DA:11,2
LF:6
LH:6
BRF:0
BRH:0
end_of_record
